<?xml version="1.0" encoding="UTF-8"?>
<testsuite xmlns:xsi="http://www.w3.org/2001/XMLSchema-instance" xsi:noNamespaceSchemaLocation="https://maven.apache.org/surefire/maven-surefire-plugin/xsd/surefire-test-report.xsd" name="com.itheima.Srpingboot01QuickstartApplicationTests" time="10.458" tests="1" errors="0" skipped="0" failures="0">
  <properties>
    <property name="java.specification.version" value="17"/>
    <property name="sun.jnu.encoding" value="UTF-8"/>
    <property name="java.class.path" value="/Users/dreamtank77/IdeaProjects/springboot/srpingboot_04_profile/target/test-classes:/Users/dreamtank77/IdeaProjects/springboot/srpingboot_04_profile/target/classes:/Users/dreamtank77/.m2/repository/org/springframework/boot/spring-boot-starter-web/2.5.0/spring-boot-starter-web-2.5.0.jar:/Users/dreamtank77/.m2/repository/org/springframework/boot/spring-boot-starter/2.5.0/spring-boot-starter-2.5.0.jar:/Users/dreamtank77/.m2/repository/org/springframework/boot/spring-boot/2.5.0/spring-boot-2.5.0.jar:/Users/dreamtank77/.m2/repository/org/springframework/boot/spring-boot-autoconfigure/2.5.0/spring-boot-autoconfigure-2.5.0.jar:/Users/dreamtank77/.m2/repository/org/springframework/boot/spring-boot-starter-logging/2.5.0/spring-boot-starter-logging-2.5.0.jar:/Users/dreamtank77/.m2/repository/ch/qos/logback/logback-classic/1.2.3/logback-classic-1.2.3.jar:/Users/dreamtank77/.m2/repository/ch/qos/logback/logback-core/1.2.3/logback-core-1.2.3.jar:/Users/dreamtank77/.m2/repository/org/apache/logging/log4j/log4j-to-slf4j/2.14.1/log4j-to-slf4j-2.14.1.jar:/Users/dreamtank77/.m2/repository/org/apache/logging/log4j/log4j-api/2.14.1/log4j-api-2.14.1.jar:/Users/dreamtank77/.m2/repository/org/slf4j/jul-to-slf4j/1.7.30/jul-to-slf4j-1.7.30.jar:/Users/dreamtank77/.m2/repository/jakarta/annotation/jakarta.annotation-api/1.3.5/jakarta.annotation-api-1.3.5.jar:/Users/dreamtank77/.m2/repository/org/yaml/snakeyaml/1.28/snakeyaml-1.28.jar:/Users/dreamtank77/.m2/repository/org/springframework/boot/spring-boot-starter-json/2.5.0/spring-boot-starter-json-2.5.0.jar:/Users/dreamtank77/.m2/repository/com/fasterxml/jackson/core/jackson-databind/2.12.3/jackson-databind-2.12.3.jar:/Users/dreamtank77/.m2/repository/com/fasterxml/jackson/core/jackson-annotations/2.12.3/jackson-annotations-2.12.3.jar:/Users/dreamtank77/.m2/repository/com/fasterxml/jackson/core/jackson-core/2.12.3/jackson-core-2.12.3.jar:/Users/dreamtank77/.m2/repository/com/fasterxml/jackson/datatype/jackson-datatype-jdk8/2.12.3/jackson-datatype-jdk8-2.12.3.jar:/Users/dreamtank77/.m2/repository/com/fasterxml/jackson/datatype/jackson-datatype-jsr310/2.12.3/jackson-datatype-jsr310-2.12.3.jar:/Users/dreamtank77/.m2/repository/com/fasterxml/jackson/module/jackson-module-parameter-names/2.12.3/jackson-module-parameter-names-2.12.3.jar:/Users/dreamtank77/.m2/repository/org/springframework/spring-web/5.3.7/spring-web-5.3.7.jar:/Users/dreamtank77/.m2/repository/org/springframework/spring-beans/5.3.7/spring-beans-5.3.7.jar:/Users/dreamtank77/.m2/repository/org/springframework/spring-webmvc/5.3.7/spring-webmvc-5.3.7.jar:/Users/dreamtank77/.m2/repository/org/springframework/spring-aop/5.3.7/spring-aop-5.3.7.jar:/Users/dreamtank77/.m2/repository/org/springframework/spring-context/5.3.7/spring-context-5.3.7.jar:/Users/dreamtank77/.m2/repository/org/springframework/spring-expression/5.3.7/spring-expression-5.3.7.jar:/Users/dreamtank77/.m2/repository/org/springframework/boot/spring-boot-starter-jetty/2.5.0/spring-boot-starter-jetty-2.5.0.jar:/Users/dreamtank77/.m2/repository/jakarta/servlet/jakarta.servlet-api/4.0.4/jakarta.servlet-api-4.0.4.jar:/Users/dreamtank77/.m2/repository/jakarta/websocket/jakarta.websocket-api/1.1.2/jakarta.websocket-api-1.1.2.jar:/Users/dreamtank77/.m2/repository/org/apache/tomcat/embed/tomcat-embed-el/9.0.46/tomcat-embed-el-9.0.46.jar:/Users/dreamtank77/.m2/repository/org/eclipse/jetty/jetty-servlets/9.4.41.v20210516/jetty-servlets-9.4.41.v20210516.jar:/Users/dreamtank77/.m2/repository/org/eclipse/jetty/jetty-continuation/9.4.41.v20210516/jetty-continuation-9.4.41.v20210516.jar:/Users/dreamtank77/.m2/repository/org/eclipse/jetty/jetty-http/9.4.41.v20210516/jetty-http-9.4.41.v20210516.jar:/Users/dreamtank77/.m2/repository/org/eclipse/jetty/jetty-util/9.4.41.v20210516/jetty-util-9.4.41.v20210516.jar:/Users/dreamtank77/.m2/repository/org/eclipse/jetty/jetty-io/9.4.41.v20210516/jetty-io-9.4.41.v20210516.jar:/Users/dreamtank77/.m2/repository/org/eclipse/jetty/jetty-webapp/9.4.41.v20210516/jetty-webapp-9.4.41.v20210516.jar:/Users/dreamtank77/.m2/repository/org/eclipse/jetty/jetty-xml/9.4.41.v20210516/jetty-xml-9.4.41.v20210516.jar:/Users/dreamtank77/.m2/repository/org/eclipse/jetty/jetty-servlet/9.4.41.v20210516/jetty-servlet-9.4.41.v20210516.jar:/Users/dreamtank77/.m2/repository/org/eclipse/jetty/jetty-security/9.4.41.v20210516/jetty-security-9.4.41.v20210516.jar:/Users/dreamtank77/.m2/repository/org/eclipse/jetty/jetty-server/9.4.41.v20210516/jetty-server-9.4.41.v20210516.jar:/Users/dreamtank77/.m2/repository/org/eclipse/jetty/jetty-util-ajax/9.4.41.v20210516/jetty-util-ajax-9.4.41.v20210516.jar:/Users/dreamtank77/.m2/repository/org/eclipse/jetty/websocket/websocket-server/9.4.41.v20210516/websocket-server-9.4.41.v20210516.jar:/Users/dreamtank77/.m2/repository/org/eclipse/jetty/websocket/websocket-common/9.4.41.v20210516/websocket-common-9.4.41.v20210516.jar:/Users/dreamtank77/.m2/repository/org/eclipse/jetty/websocket/websocket-api/9.4.41.v20210516/websocket-api-9.4.41.v20210516.jar:/Users/dreamtank77/.m2/repository/org/eclipse/jetty/websocket/websocket-client/9.4.41.v20210516/websocket-client-9.4.41.v20210516.jar:/Users/dreamtank77/.m2/repository/org/eclipse/jetty/jetty-client/9.4.41.v20210516/jetty-client-9.4.41.v20210516.jar:/Users/dreamtank77/.m2/repository/org/eclipse/jetty/websocket/websocket-servlet/9.4.41.v20210516/websocket-servlet-9.4.41.v20210516.jar:/Users/dreamtank77/.m2/repository/org/eclipse/jetty/websocket/javax-websocket-server-impl/9.4.41.v20210516/javax-websocket-server-impl-9.4.41.v20210516.jar:/Users/dreamtank77/.m2/repository/org/eclipse/jetty/jetty-annotations/9.4.41.v20210516/jetty-annotations-9.4.41.v20210516.jar:/Users/dreamtank77/.m2/repository/org/eclipse/jetty/jetty-plus/9.4.41.v20210516/jetty-plus-9.4.41.v20210516.jar:/Users/dreamtank77/.m2/repository/org/ow2/asm/asm/9.0/asm-9.0.jar:/Users/dreamtank77/.m2/repository/org/ow2/asm/asm-commons/9.0/asm-commons-9.0.jar:/Users/dreamtank77/.m2/repository/org/ow2/asm/asm-tree/9.0/asm-tree-9.0.jar:/Users/dreamtank77/.m2/repository/org/ow2/asm/asm-analysis/9.0/asm-analysis-9.0.jar:/Users/dreamtank77/.m2/repository/org/eclipse/jetty/websocket/javax-websocket-client-impl/9.4.41.v20210516/javax-websocket-client-impl-9.4.41.v20210516.jar:/Users/dreamtank77/.m2/repository/org/springframework/boot/spring-boot-starter-test/2.5.0/spring-boot-starter-test-2.5.0.jar:/Users/dreamtank77/.m2/repository/org/springframework/boot/spring-boot-test/2.5.0/spring-boot-test-2.5.0.jar:/Users/dreamtank77/.m2/repository/org/springframework/boot/spring-boot-test-autoconfigure/2.5.0/spring-boot-test-autoconfigure-2.5.0.jar:/Users/dreamtank77/.m2/repository/com/jayway/jsonpath/json-path/2.5.0/json-path-2.5.0.jar:/Users/dreamtank77/.m2/repository/net/minidev/json-smart/2.4.7/json-smart-2.4.7.jar:/Users/dreamtank77/.m2/repository/net/minidev/accessors-smart/2.4.7/accessors-smart-2.4.7.jar:/Users/dreamtank77/.m2/repository/org/slf4j/slf4j-api/1.7.30/slf4j-api-1.7.30.jar:/Users/dreamtank77/.m2/repository/jakarta/xml/bind/jakarta.xml.bind-api/2.3.3/jakarta.xml.bind-api-2.3.3.jar:/Users/dreamtank77/.m2/repository/jakarta/activation/jakarta.activation-api/1.2.2/jakarta.activation-api-1.2.2.jar:/Users/dreamtank77/.m2/repository/org/assertj/assertj-core/3.19.0/assertj-core-3.19.0.jar:/Users/dreamtank77/.m2/repository/org/hamcrest/hamcrest/2.2/hamcrest-2.2.jar:/Users/dreamtank77/.m2/repository/org/junit/jupiter/junit-jupiter/5.7.2/junit-jupiter-5.7.2.jar:/Users/dreamtank77/.m2/repository/org/junit/jupiter/junit-jupiter-api/5.7.2/junit-jupiter-api-5.7.2.jar:/Users/dreamtank77/.m2/repository/org/apiguardian/apiguardian-api/1.1.0/apiguardian-api-1.1.0.jar:/Users/dreamtank77/.m2/repository/org/opentest4j/opentest4j/1.2.0/opentest4j-1.2.0.jar:/Users/dreamtank77/.m2/repository/org/junit/platform/junit-platform-commons/1.7.2/junit-platform-commons-1.7.2.jar:/Users/dreamtank77/.m2/repository/org/junit/jupiter/junit-jupiter-params/5.7.2/junit-jupiter-params-5.7.2.jar:/Users/dreamtank77/.m2/repository/org/junit/jupiter/junit-jupiter-engine/5.7.2/junit-jupiter-engine-5.7.2.jar:/Users/dreamtank77/.m2/repository/org/junit/platform/junit-platform-engine/1.7.2/junit-platform-engine-1.7.2.jar:/Users/dreamtank77/.m2/repository/org/mockito/mockito-core/3.9.0/mockito-core-3.9.0.jar:/Users/dreamtank77/.m2/repository/net/bytebuddy/byte-buddy/1.10.22/byte-buddy-1.10.22.jar:/Users/dreamtank77/.m2/repository/net/bytebuddy/byte-buddy-agent/1.10.22/byte-buddy-agent-1.10.22.jar:/Users/dreamtank77/.m2/repository/org/objenesis/objenesis/3.2/objenesis-3.2.jar:/Users/dreamtank77/.m2/repository/org/mockito/mockito-junit-jupiter/3.9.0/mockito-junit-jupiter-3.9.0.jar:/Users/dreamtank77/.m2/repository/org/skyscreamer/jsonassert/1.5.0/jsonassert-1.5.0.jar:/Users/dreamtank77/.m2/repository/com/vaadin/external/google/android-json/0.0.20131108.vaadin1/android-json-0.0.20131108.vaadin1.jar:/Users/dreamtank77/.m2/repository/org/springframework/spring-core/5.3.7/spring-core-5.3.7.jar:/Users/dreamtank77/.m2/repository/org/springframework/spring-jcl/5.3.7/spring-jcl-5.3.7.jar:/Users/dreamtank77/.m2/repository/org/springframework/spring-test/5.3.7/spring-test-5.3.7.jar:/Users/dreamtank77/.m2/repository/org/xmlunit/xmlunit-core/2.8.2/xmlunit-core-2.8.2.jar:"/>
    <property name="java.vm.vendor" value="Oracle Corporation"/>
    <property name="sun.arch.data.model" value="64"/>
    <property name="java.vendor.url" value="https://java.oracle.com/"/>
    <property name="os.name" value="Mac OS X"/>
    <property name="java.vm.specification.version" value="17"/>
    <property name="sun.java.launcher" value="SUN_STANDARD"/>
    <property name="user.country" value="JP"/>
    <property name="sun.boot.library.path" value="/Library/Java/JavaVirtualMachines/jdk-17.jdk/Contents/Home/lib"/>
    <property name="sun.java.command" value="/Users/dreamtank77/IdeaProjects/springboot/srpingboot_04_profile/target/surefire/surefirebooter12491819866473217653.jar /Users/dreamtank77/IdeaProjects/springboot/srpingboot_04_profile/target/surefire 2024-05-28T11-02-05_870-jvmRun1 surefire2330421930053938666tmp surefire_02994431839268513511tmp"/>
    <property name="http.nonProxyHosts" value="local|*.local|169.254/16|*.169.254/16"/>
    <property name="jdk.debug" value="release"/>
    <property name="surefire.test.class.path" value="/Users/dreamtank77/IdeaProjects/springboot/srpingboot_04_profile/target/test-classes:/Users/dreamtank77/IdeaProjects/springboot/srpingboot_04_profile/target/classes:/Users/dreamtank77/.m2/repository/org/springframework/boot/spring-boot-starter-web/2.5.0/spring-boot-starter-web-2.5.0.jar:/Users/dreamtank77/.m2/repository/org/springframework/boot/spring-boot-starter/2.5.0/spring-boot-starter-2.5.0.jar:/Users/dreamtank77/.m2/repository/org/springframework/boot/spring-boot/2.5.0/spring-boot-2.5.0.jar:/Users/dreamtank77/.m2/repository/org/springframework/boot/spring-boot-autoconfigure/2.5.0/spring-boot-autoconfigure-2.5.0.jar:/Users/dreamtank77/.m2/repository/org/springframework/boot/spring-boot-starter-logging/2.5.0/spring-boot-starter-logging-2.5.0.jar:/Users/dreamtank77/.m2/repository/ch/qos/logback/logback-classic/1.2.3/logback-classic-1.2.3.jar:/Users/dreamtank77/.m2/repository/ch/qos/logback/logback-core/1.2.3/logback-core-1.2.3.jar:/Users/dreamtank77/.m2/repository/org/apache/logging/log4j/log4j-to-slf4j/2.14.1/log4j-to-slf4j-2.14.1.jar:/Users/dreamtank77/.m2/repository/org/apache/logging/log4j/log4j-api/2.14.1/log4j-api-2.14.1.jar:/Users/dreamtank77/.m2/repository/org/slf4j/jul-to-slf4j/1.7.30/jul-to-slf4j-1.7.30.jar:/Users/dreamtank77/.m2/repository/jakarta/annotation/jakarta.annotation-api/1.3.5/jakarta.annotation-api-1.3.5.jar:/Users/dreamtank77/.m2/repository/org/yaml/snakeyaml/1.28/snakeyaml-1.28.jar:/Users/dreamtank77/.m2/repository/org/springframework/boot/spring-boot-starter-json/2.5.0/spring-boot-starter-json-2.5.0.jar:/Users/dreamtank77/.m2/repository/com/fasterxml/jackson/core/jackson-databind/2.12.3/jackson-databind-2.12.3.jar:/Users/dreamtank77/.m2/repository/com/fasterxml/jackson/core/jackson-annotations/2.12.3/jackson-annotations-2.12.3.jar:/Users/dreamtank77/.m2/repository/com/fasterxml/jackson/core/jackson-core/2.12.3/jackson-core-2.12.3.jar:/Users/dreamtank77/.m2/repository/com/fasterxml/jackson/datatype/jackson-datatype-jdk8/2.12.3/jackson-datatype-jdk8-2.12.3.jar:/Users/dreamtank77/.m2/repository/com/fasterxml/jackson/datatype/jackson-datatype-jsr310/2.12.3/jackson-datatype-jsr310-2.12.3.jar:/Users/dreamtank77/.m2/repository/com/fasterxml/jackson/module/jackson-module-parameter-names/2.12.3/jackson-module-parameter-names-2.12.3.jar:/Users/dreamtank77/.m2/repository/org/springframework/spring-web/5.3.7/spring-web-5.3.7.jar:/Users/dreamtank77/.m2/repository/org/springframework/spring-beans/5.3.7/spring-beans-5.3.7.jar:/Users/dreamtank77/.m2/repository/org/springframework/spring-webmvc/5.3.7/spring-webmvc-5.3.7.jar:/Users/dreamtank77/.m2/repository/org/springframework/spring-aop/5.3.7/spring-aop-5.3.7.jar:/Users/dreamtank77/.m2/repository/org/springframework/spring-context/5.3.7/spring-context-5.3.7.jar:/Users/dreamtank77/.m2/repository/org/springframework/spring-expression/5.3.7/spring-expression-5.3.7.jar:/Users/dreamtank77/.m2/repository/org/springframework/boot/spring-boot-starter-jetty/2.5.0/spring-boot-starter-jetty-2.5.0.jar:/Users/dreamtank77/.m2/repository/jakarta/servlet/jakarta.servlet-api/4.0.4/jakarta.servlet-api-4.0.4.jar:/Users/dreamtank77/.m2/repository/jakarta/websocket/jakarta.websocket-api/1.1.2/jakarta.websocket-api-1.1.2.jar:/Users/dreamtank77/.m2/repository/org/apache/tomcat/embed/tomcat-embed-el/9.0.46/tomcat-embed-el-9.0.46.jar:/Users/dreamtank77/.m2/repository/org/eclipse/jetty/jetty-servlets/9.4.41.v20210516/jetty-servlets-9.4.41.v20210516.jar:/Users/dreamtank77/.m2/repository/org/eclipse/jetty/jetty-continuation/9.4.41.v20210516/jetty-continuation-9.4.41.v20210516.jar:/Users/dreamtank77/.m2/repository/org/eclipse/jetty/jetty-http/9.4.41.v20210516/jetty-http-9.4.41.v20210516.jar:/Users/dreamtank77/.m2/repository/org/eclipse/jetty/jetty-util/9.4.41.v20210516/jetty-util-9.4.41.v20210516.jar:/Users/dreamtank77/.m2/repository/org/eclipse/jetty/jetty-io/9.4.41.v20210516/jetty-io-9.4.41.v20210516.jar:/Users/dreamtank77/.m2/repository/org/eclipse/jetty/jetty-webapp/9.4.41.v20210516/jetty-webapp-9.4.41.v20210516.jar:/Users/dreamtank77/.m2/repository/org/eclipse/jetty/jetty-xml/9.4.41.v20210516/jetty-xml-9.4.41.v20210516.jar:/Users/dreamtank77/.m2/repository/org/eclipse/jetty/jetty-servlet/9.4.41.v20210516/jetty-servlet-9.4.41.v20210516.jar:/Users/dreamtank77/.m2/repository/org/eclipse/jetty/jetty-security/9.4.41.v20210516/jetty-security-9.4.41.v20210516.jar:/Users/dreamtank77/.m2/repository/org/eclipse/jetty/jetty-server/9.4.41.v20210516/jetty-server-9.4.41.v20210516.jar:/Users/dreamtank77/.m2/repository/org/eclipse/jetty/jetty-util-ajax/9.4.41.v20210516/jetty-util-ajax-9.4.41.v20210516.jar:/Users/dreamtank77/.m2/repository/org/eclipse/jetty/websocket/websocket-server/9.4.41.v20210516/websocket-server-9.4.41.v20210516.jar:/Users/dreamtank77/.m2/repository/org/eclipse/jetty/websocket/websocket-common/9.4.41.v20210516/websocket-common-9.4.41.v20210516.jar:/Users/dreamtank77/.m2/repository/org/eclipse/jetty/websocket/websocket-api/9.4.41.v20210516/websocket-api-9.4.41.v20210516.jar:/Users/dreamtank77/.m2/repository/org/eclipse/jetty/websocket/websocket-client/9.4.41.v20210516/websocket-client-9.4.41.v20210516.jar:/Users/dreamtank77/.m2/repository/org/eclipse/jetty/jetty-client/9.4.41.v20210516/jetty-client-9.4.41.v20210516.jar:/Users/dreamtank77/.m2/repository/org/eclipse/jetty/websocket/websocket-servlet/9.4.41.v20210516/websocket-servlet-9.4.41.v20210516.jar:/Users/dreamtank77/.m2/repository/org/eclipse/jetty/websocket/javax-websocket-server-impl/9.4.41.v20210516/javax-websocket-server-impl-9.4.41.v20210516.jar:/Users/dreamtank77/.m2/repository/org/eclipse/jetty/jetty-annotations/9.4.41.v20210516/jetty-annotations-9.4.41.v20210516.jar:/Users/dreamtank77/.m2/repository/org/eclipse/jetty/jetty-plus/9.4.41.v20210516/jetty-plus-9.4.41.v20210516.jar:/Users/dreamtank77/.m2/repository/org/ow2/asm/asm/9.0/asm-9.0.jar:/Users/dreamtank77/.m2/repository/org/ow2/asm/asm-commons/9.0/asm-commons-9.0.jar:/Users/dreamtank77/.m2/repository/org/ow2/asm/asm-tree/9.0/asm-tree-9.0.jar:/Users/dreamtank77/.m2/repository/org/ow2/asm/asm-analysis/9.0/asm-analysis-9.0.jar:/Users/dreamtank77/.m2/repository/org/eclipse/jetty/websocket/javax-websocket-client-impl/9.4.41.v20210516/javax-websocket-client-impl-9.4.41.v20210516.jar:/Users/dreamtank77/.m2/repository/org/springframework/boot/spring-boot-starter-test/2.5.0/spring-boot-starter-test-2.5.0.jar:/Users/dreamtank77/.m2/repository/org/springframework/boot/spring-boot-test/2.5.0/spring-boot-test-2.5.0.jar:/Users/dreamtank77/.m2/repository/org/springframework/boot/spring-boot-test-autoconfigure/2.5.0/spring-boot-test-autoconfigure-2.5.0.jar:/Users/dreamtank77/.m2/repository/com/jayway/jsonpath/json-path/2.5.0/json-path-2.5.0.jar:/Users/dreamtank77/.m2/repository/net/minidev/json-smart/2.4.7/json-smart-2.4.7.jar:/Users/dreamtank77/.m2/repository/net/minidev/accessors-smart/2.4.7/accessors-smart-2.4.7.jar:/Users/dreamtank77/.m2/repository/org/slf4j/slf4j-api/1.7.30/slf4j-api-1.7.30.jar:/Users/dreamtank77/.m2/repository/jakarta/xml/bind/jakarta.xml.bind-api/2.3.3/jakarta.xml.bind-api-2.3.3.jar:/Users/dreamtank77/.m2/repository/jakarta/activation/jakarta.activation-api/1.2.2/jakarta.activation-api-1.2.2.jar:/Users/dreamtank77/.m2/repository/org/assertj/assertj-core/3.19.0/assertj-core-3.19.0.jar:/Users/dreamtank77/.m2/repository/org/hamcrest/hamcrest/2.2/hamcrest-2.2.jar:/Users/dreamtank77/.m2/repository/org/junit/jupiter/junit-jupiter/5.7.2/junit-jupiter-5.7.2.jar:/Users/dreamtank77/.m2/repository/org/junit/jupiter/junit-jupiter-api/5.7.2/junit-jupiter-api-5.7.2.jar:/Users/dreamtank77/.m2/repository/org/apiguardian/apiguardian-api/1.1.0/apiguardian-api-1.1.0.jar:/Users/dreamtank77/.m2/repository/org/opentest4j/opentest4j/1.2.0/opentest4j-1.2.0.jar:/Users/dreamtank77/.m2/repository/org/junit/platform/junit-platform-commons/1.7.2/junit-platform-commons-1.7.2.jar:/Users/dreamtank77/.m2/repository/org/junit/jupiter/junit-jupiter-params/5.7.2/junit-jupiter-params-5.7.2.jar:/Users/dreamtank77/.m2/repository/org/junit/jupiter/junit-jupiter-engine/5.7.2/junit-jupiter-engine-5.7.2.jar:/Users/dreamtank77/.m2/repository/org/junit/platform/junit-platform-engine/1.7.2/junit-platform-engine-1.7.2.jar:/Users/dreamtank77/.m2/repository/org/mockito/mockito-core/3.9.0/mockito-core-3.9.0.jar:/Users/dreamtank77/.m2/repository/net/bytebuddy/byte-buddy/1.10.22/byte-buddy-1.10.22.jar:/Users/dreamtank77/.m2/repository/net/bytebuddy/byte-buddy-agent/1.10.22/byte-buddy-agent-1.10.22.jar:/Users/dreamtank77/.m2/repository/org/objenesis/objenesis/3.2/objenesis-3.2.jar:/Users/dreamtank77/.m2/repository/org/mockito/mockito-junit-jupiter/3.9.0/mockito-junit-jupiter-3.9.0.jar:/Users/dreamtank77/.m2/repository/org/skyscreamer/jsonassert/1.5.0/jsonassert-1.5.0.jar:/Users/dreamtank77/.m2/repository/com/vaadin/external/google/android-json/0.0.20131108.vaadin1/android-json-0.0.20131108.vaadin1.jar:/Users/dreamtank77/.m2/repository/org/springframework/spring-core/5.3.7/spring-core-5.3.7.jar:/Users/dreamtank77/.m2/repository/org/springframework/spring-jcl/5.3.7/spring-jcl-5.3.7.jar:/Users/dreamtank77/.m2/repository/org/springframework/spring-test/5.3.7/spring-test-5.3.7.jar:/Users/dreamtank77/.m2/repository/org/xmlunit/xmlunit-core/2.8.2/xmlunit-core-2.8.2.jar:"/>
    <property name="sun.cpu.endian" value="little"/>
    <property name="user.home" value="/Users/dreamtank77"/>
    <property name="user.language" value="zh"/>
    <property name="java.specification.vendor" value="Oracle Corporation"/>
    <property name="java.version.date" value="2024-01-16"/>
    <property name="java.home" value="/Library/Java/JavaVirtualMachines/jdk-17.jdk/Contents/Home"/>
    <property name="file.separator" value="/"/>
    <property name="basedir" value="/Users/dreamtank77/IdeaProjects/springboot/srpingboot_04_profile"/>
    <property name="java.vm.compressedOopsMode" value="Zero based"/>
    <property name="line.separator" value="&#10;"/>
    <property name="java.vm.specification.vendor" value="Oracle Corporation"/>
    <property name="java.specification.name" value="Java Platform API Specification"/>
    <property name="surefire.real.class.path" value="/Users/dreamtank77/IdeaProjects/springboot/srpingboot_04_profile/target/surefire/surefirebooter12491819866473217653.jar"/>
    <property name="user.script" value="Hans"/>
    <property name="sun.management.compiler" value="HotSpot 64-Bit Tiered Compilers"/>
    <property name="ftp.nonProxyHosts" value="local|*.local|169.254/16|*.169.254/16"/>
    <property name="java.runtime.version" value="17.0.10+11-LTS-240"/>
    <property name="user.name" value="dreamtank77"/>
    <property name="path.separator" value=":"/>
    <property name="os.version" value="12.7.5"/>
    <property name="java.runtime.name" value="Java(TM) SE Runtime Environment"/>
    <property name="file.encoding" value="UTF-8"/>
    <property name="java.vm.name" value="Java HotSpot(TM) 64-Bit Server VM"/>
    <property name="localRepository" value="/Users/dreamtank77/.m2/repository"/>
    <property name="java.vendor.url.bug" value="https://bugreport.java.com/bugreport/"/>
    <property name="java.io.tmpdir" value="/var/folders/m0/9bhgl9bd7bl9r2xq8v3w_7s40000gp/T/"/>
    <property name="idea.version" value="2023.3"/>
    <property name="java.version" value="17.0.10"/>
    <property name="user.dir" value="/Users/dreamtank77/IdeaProjects/springboot/srpingboot_04_profile"/>
    <property name="os.arch" value="x86_64"/>
    <property name="java.vm.specification.name" value="Java Virtual Machine Specification"/>
    <property name="native.encoding" value="UTF-8"/>
    <property name="java.library.path" value="/Users/dreamtank77/Library/Java/Extensions:/Library/Java/Extensions:/Network/Library/Java/Extensions:/System/Library/Java/Extensions:/usr/lib/java:."/>
    <property name="java.vm.info" value="mixed mode, sharing"/>
    <property name="java.vendor" value="Oracle Corporation"/>
    <property name="java.vm.version" value="17.0.10+11-LTS-240"/>
    <property name="sun.io.unicode.encoding" value="UnicodeBig"/>
    <property name="socksNonProxyHosts" value="local|*.local|169.254/16|*.169.254/16"/>
    <property name="java.class.version" value="61.0"/>
  </properties>
  <testcase name="contextLoads" classname="com.itheima.Srpingboot01QuickstartApplicationTests" time="0.588"/>
</testsuite>