<?xml version="1.0" encoding="UTF-8"?>
<testsuite xmlns:xsi="http://www.w3.org/2001/XMLSchema-instance" xsi:noNamespaceSchemaLocation="https://maven.apache.org/surefire/maven-surefire-plugin/xsd/surefire-test-report-3.0.xsd" version="3.0" name="com.itheima.service.BookServiceTest" time="0.063" tests="1" errors="1" skipped="0" failures="0">
  <properties>
    <property name="java.specification.version" value="17"/>
    <property name="sun.jnu.encoding" value="UTF-8"/>
    <property name="java.class.path" value="/Users/dreamtank77/IdeaProjects/maven/maven_02_ssm/target/test-classes:/Users/dreamtank77/IdeaProjects/maven/maven_02_ssm/target/classes:/Users/dreamtank77/apache-maven-3.9.6/maven-repo/junit/junit/4.10/junit-4.10.jar:/Users/dreamtank77/apache-maven-3.9.6/maven-repo/org/hamcrest/hamcrest-core/1.1/hamcrest-core-1.1.jar:/Users/dreamtank77/IdeaProjects/maven/maven_04_dao/target/maven_04_dao-1.0-SNAPSHOT.jar:/Users/dreamtank77/IdeaProjects/maven/maven_03_pojo/target/maven_03_pojo-1.0-SNAPSHOT.jar:/Users/dreamtank77/apache-maven-3.9.6/maven-repo/javax/servlet/javax.servlet-api/4.0.1/javax.servlet-api-4.0.1.jar:/Users/dreamtank77/apache-maven-3.9.6/maven-repo/org/springframework/spring-jdbc/5.3.29/spring-jdbc-5.3.29.jar:/Users/dreamtank77/apache-maven-3.9.6/maven-repo/org/springframework/spring-beans/5.3.29/spring-beans-5.3.29.jar:/Users/dreamtank77/apache-maven-3.9.6/maven-repo/org/springframework/spring-core/5.3.29/spring-core-5.3.29.jar:/Users/dreamtank77/apache-maven-3.9.6/maven-repo/org/springframework/spring-jcl/5.3.29/spring-jcl-5.3.29.jar:/Users/dreamtank77/apache-maven-3.9.6/maven-repo/org/springframework/spring-tx/5.3.29/spring-tx-5.3.29.jar:/Users/dreamtank77/apache-maven-3.9.6/maven-repo/org/springframework/spring-test/5.3.29/spring-test-5.3.29.jar:/Users/dreamtank77/apache-maven-3.9.6/maven-repo/org/springframework/spring-webmvc/5.2.10.RELEASE/spring-webmvc-5.2.10.RELEASE.jar:/Users/dreamtank77/apache-maven-3.9.6/maven-repo/org/springframework/spring-aop/5.2.10.RELEASE/spring-aop-5.2.10.RELEASE.jar:/Users/dreamtank77/apache-maven-3.9.6/maven-repo/org/springframework/spring-context/5.2.10.RELEASE/spring-context-5.2.10.RELEASE.jar:/Users/dreamtank77/apache-maven-3.9.6/maven-repo/org/springframework/spring-expression/5.2.10.RELEASE/spring-expression-5.2.10.RELEASE.jar:/Users/dreamtank77/apache-maven-3.9.6/maven-repo/org/springframework/spring-web/5.2.10.RELEASE/spring-web-5.2.10.RELEASE.jar:/Users/dreamtank77/apache-maven-3.9.6/maven-repo/org/mybatis/mybatis/3.5.16/mybatis-3.5.16.jar:/Users/dreamtank77/apache-maven-3.9.6/maven-repo/com/alibaba/druid/1.2.22/druid-1.2.22.jar:/Users/dreamtank77/apache-maven-3.9.6/maven-repo/org/mybatis/mybatis-spring/2.1.2/mybatis-spring-2.1.2.jar:/Users/dreamtank77/apache-maven-3.9.6/maven-repo/mysql/mysql-connector-java/5.1.47/mysql-connector-java-5.1.47.jar:/Users/dreamtank77/apache-maven-3.9.6/maven-repo/com/fasterxml/jackson/core/jackson-databind/2.9.0/jackson-databind-2.9.0.jar:/Users/dreamtank77/apache-maven-3.9.6/maven-repo/com/fasterxml/jackson/core/jackson-annotations/2.9.0/jackson-annotations-2.9.0.jar:/Users/dreamtank77/apache-maven-3.9.6/maven-repo/com/fasterxml/jackson/core/jackson-core/2.9.0/jackson-core-2.9.0.jar:"/>
    <property name="java.vm.vendor" value="Oracle Corporation"/>
    <property name="sun.arch.data.model" value="64"/>
    <property name="java.vendor.url" value="https://java.oracle.com/"/>
    <property name="os.name" value="Mac OS X"/>
    <property name="java.vm.specification.version" value="17"/>
    <property name="sun.java.launcher" value="SUN_STANDARD"/>
    <property name="user.country" value="JP"/>
    <property name="sun.boot.library.path" value="/Library/Java/JavaVirtualMachines/jdk-17.jdk/Contents/Home/lib"/>
    <property name="sun.java.command" value="/Users/dreamtank77/IdeaProjects/maven/maven_02_ssm/target/surefire/surefirebooter-20240524162617092_3.jar /Users/dreamtank77/IdeaProjects/maven/maven_02_ssm/target/surefire 2024-05-24T16-26-16_876-jvmRun1 surefire-20240524162617092_1tmp surefire_0-20240524162617092_2tmp"/>
    <property name="http.nonProxyHosts" value="local|*.local|169.254/16|*.169.254/16"/>
    <property name="jdk.debug" value="release"/>
    <property name="surefire.test.class.path" value="/Users/dreamtank77/IdeaProjects/maven/maven_02_ssm/target/test-classes:/Users/dreamtank77/IdeaProjects/maven/maven_02_ssm/target/classes:/Users/dreamtank77/apache-maven-3.9.6/maven-repo/junit/junit/4.10/junit-4.10.jar:/Users/dreamtank77/apache-maven-3.9.6/maven-repo/org/hamcrest/hamcrest-core/1.1/hamcrest-core-1.1.jar:/Users/dreamtank77/IdeaProjects/maven/maven_04_dao/target/maven_04_dao-1.0-SNAPSHOT.jar:/Users/dreamtank77/IdeaProjects/maven/maven_03_pojo/target/maven_03_pojo-1.0-SNAPSHOT.jar:/Users/dreamtank77/apache-maven-3.9.6/maven-repo/javax/servlet/javax.servlet-api/4.0.1/javax.servlet-api-4.0.1.jar:/Users/dreamtank77/apache-maven-3.9.6/maven-repo/org/springframework/spring-jdbc/5.3.29/spring-jdbc-5.3.29.jar:/Users/dreamtank77/apache-maven-3.9.6/maven-repo/org/springframework/spring-beans/5.3.29/spring-beans-5.3.29.jar:/Users/dreamtank77/apache-maven-3.9.6/maven-repo/org/springframework/spring-core/5.3.29/spring-core-5.3.29.jar:/Users/dreamtank77/apache-maven-3.9.6/maven-repo/org/springframework/spring-jcl/5.3.29/spring-jcl-5.3.29.jar:/Users/dreamtank77/apache-maven-3.9.6/maven-repo/org/springframework/spring-tx/5.3.29/spring-tx-5.3.29.jar:/Users/dreamtank77/apache-maven-3.9.6/maven-repo/org/springframework/spring-test/5.3.29/spring-test-5.3.29.jar:/Users/dreamtank77/apache-maven-3.9.6/maven-repo/org/springframework/spring-webmvc/5.2.10.RELEASE/spring-webmvc-5.2.10.RELEASE.jar:/Users/dreamtank77/apache-maven-3.9.6/maven-repo/org/springframework/spring-aop/5.2.10.RELEASE/spring-aop-5.2.10.RELEASE.jar:/Users/dreamtank77/apache-maven-3.9.6/maven-repo/org/springframework/spring-context/5.2.10.RELEASE/spring-context-5.2.10.RELEASE.jar:/Users/dreamtank77/apache-maven-3.9.6/maven-repo/org/springframework/spring-expression/5.2.10.RELEASE/spring-expression-5.2.10.RELEASE.jar:/Users/dreamtank77/apache-maven-3.9.6/maven-repo/org/springframework/spring-web/5.2.10.RELEASE/spring-web-5.2.10.RELEASE.jar:/Users/dreamtank77/apache-maven-3.9.6/maven-repo/org/mybatis/mybatis/3.5.16/mybatis-3.5.16.jar:/Users/dreamtank77/apache-maven-3.9.6/maven-repo/com/alibaba/druid/1.2.22/druid-1.2.22.jar:/Users/dreamtank77/apache-maven-3.9.6/maven-repo/org/mybatis/mybatis-spring/2.1.2/mybatis-spring-2.1.2.jar:/Users/dreamtank77/apache-maven-3.9.6/maven-repo/mysql/mysql-connector-java/5.1.47/mysql-connector-java-5.1.47.jar:/Users/dreamtank77/apache-maven-3.9.6/maven-repo/com/fasterxml/jackson/core/jackson-databind/2.9.0/jackson-databind-2.9.0.jar:/Users/dreamtank77/apache-maven-3.9.6/maven-repo/com/fasterxml/jackson/core/jackson-annotations/2.9.0/jackson-annotations-2.9.0.jar:/Users/dreamtank77/apache-maven-3.9.6/maven-repo/com/fasterxml/jackson/core/jackson-core/2.9.0/jackson-core-2.9.0.jar:"/>
    <property name="sun.cpu.endian" value="little"/>
    <property name="user.home" value="/Users/dreamtank77"/>
    <property name="user.language" value="zh"/>
    <property name="java.specification.vendor" value="Oracle Corporation"/>
    <property name="java.version.date" value="2024-01-16"/>
    <property name="java.home" value="/Library/Java/JavaVirtualMachines/jdk-17.jdk/Contents/Home"/>
    <property name="file.separator" value="/"/>
    <property name="basedir" value="/Users/dreamtank77/IdeaProjects/maven/maven_02_ssm"/>
    <property name="java.vm.compressedOopsMode" value="Zero based"/>
    <property name="line.separator" value="&#10;"/>
    <property name="java.vm.specification.vendor" value="Oracle Corporation"/>
    <property name="java.specification.name" value="Java Platform API Specification"/>
    <property name="surefire.real.class.path" value="/Users/dreamtank77/IdeaProjects/maven/maven_02_ssm/target/surefire/surefirebooter-20240524162617092_3.jar"/>
    <property name="user.script" value="Hans"/>
    <property name="sun.management.compiler" value="HotSpot 64-Bit Tiered Compilers"/>
    <property name="ftp.nonProxyHosts" value="local|*.local|169.254/16|*.169.254/16"/>
    <property name="java.runtime.version" value="17.0.10+11-LTS-240"/>
    <property name="user.name" value="dreamtank77"/>
    <property name="path.separator" value=":"/>
    <property name="os.version" value="12.7.5"/>
    <property name="java.runtime.name" value="Java(TM) SE Runtime Environment"/>
    <property name="file.encoding" value="UTF-8"/>
    <property name="java.vm.name" value="Java HotSpot(TM) 64-Bit Server VM"/>
    <property name="localRepository" value="/Users/dreamtank77/apache-maven-3.9.6/maven-repo"/>
    <property name="java.vendor.url.bug" value="https://bugreport.java.com/bugreport/"/>
    <property name="java.io.tmpdir" value="/var/folders/m0/9bhgl9bd7bl9r2xq8v3w_7s40000gp/T/"/>
    <property name="idea.version" value="2023.3"/>
    <property name="java.version" value="17.0.10"/>
    <property name="user.dir" value="/Users/dreamtank77/IdeaProjects/maven/maven_02_ssm"/>
    <property name="os.arch" value="x86_64"/>
    <property name="java.vm.specification.name" value="Java Virtual Machine Specification"/>
    <property name="native.encoding" value="UTF-8"/>
    <property name="java.library.path" value="/Users/dreamtank77/Library/Java/Extensions:/Library/Java/Extensions:/Network/Library/Java/Extensions:/System/Library/Java/Extensions:/usr/lib/java:."/>
    <property name="java.vm.info" value="mixed mode, sharing"/>
    <property name="java.vendor" value="Oracle Corporation"/>
    <property name="java.vm.version" value="17.0.10+11-LTS-240"/>
    <property name="sun.io.unicode.encoding" value="UnicodeBig"/>
    <property name="maven.repo.local" value="/Users/dreamtank77/apache-maven-3.9.6/maven-repo"/>
    <property name="socksNonProxyHosts" value="local|*.local|169.254/16|*.169.254/16"/>
    <property name="java.class.version" value="61.0"/>
  </properties>
  <testcase name="initializationError" classname="com.itheima.service.BookServiceTest" time="0.013">
    <error type="java.lang.ExceptionInInitializerError"><![CDATA[java.lang.ExceptionInInitializerError
	at java.base/jdk.internal.reflect.NativeConstructorAccessorImpl.newInstance0(Native Method)
	at java.base/jdk.internal.reflect.NativeConstructorAccessorImpl.newInstance(NativeConstructorAccessorImpl.java:77)
	at java.base/jdk.internal.reflect.DelegatingConstructorAccessorImpl.newInstance(DelegatingConstructorAccessorImpl.java:45)
	at java.base/java.lang.reflect.Constructor.newInstanceWithCaller(Constructor.java:499)
	at java.base/java.lang.reflect.Constructor.newInstance(Constructor.java:480)
	at org.junit.internal.builders.AnnotatedBuilder.buildRunner(AnnotatedBuilder.java:31)
	at org.junit.internal.builders.AnnotatedBuilder.runnerForClass(AnnotatedBuilder.java:24)
	at org.junit.runners.model.RunnerBuilder.safeRunnerForClass(RunnerBuilder.java:57)
	at org.junit.internal.builders.AllDefaultPossibilitiesBuilder.runnerForClass(AllDefaultPossibilitiesBuilder.java:29)
	at org.junit.runners.model.RunnerBuilder.safeRunnerForClass(RunnerBuilder.java:57)
	at org.junit.internal.requests.ClassRequest.getRunner(ClassRequest.java:24)
	at org.apache.maven.surefire.junit4.JUnit4Provider.execute(JUnit4Provider.java:314)
	at org.apache.maven.surefire.junit4.JUnit4Provider.executeWithRerun(JUnit4Provider.java:240)
	at org.apache.maven.surefire.junit4.JUnit4Provider.executeTestSet(JUnit4Provider.java:214)
	at org.apache.maven.surefire.junit4.JUnit4Provider.invoke(JUnit4Provider.java:155)
	at org.apache.maven.surefire.booter.ForkedBooter.runSuitesInProcess(ForkedBooter.java:385)
	at org.apache.maven.surefire.booter.ForkedBooter.execute(ForkedBooter.java:162)
	at org.apache.maven.surefire.booter.ForkedBooter.run(ForkedBooter.java:507)
	at org.apache.maven.surefire.booter.ForkedBooter.main(ForkedBooter.java:495)
Caused by: java.lang.IllegalStateException: SpringJUnit4ClassRunner requires JUnit 4.12 or higher.
	at org.springframework.util.Assert.state(Assert.java:76)
	at org.springframework.test.context.junit4.SpringJUnit4ClassRunner.<clinit>(SpringJUnit4ClassRunner.java:104)
	... 19 more
]]></error>
  </testcase>
</testsuite>